<?xml version="1.0" encoding="UTF-8"?>
<testsuite name="tasks.AggregationKtTest" tests="1" skipped="0" failures="0" errors="0" timestamp="2024-05-09T22:08:52" hostname="ubuntu" time="0.001">
  <properties/>
  <testcase name="testAggregation" classname="tasks.AggregationKtTest" time="0.001"/>
  <system-out><![CDATA[]]></system-out>
  <system-err><![CDATA[]]></system-err>
</testsuite>
