<?xml version="1.0" encoding="UTF-8"?>
<testsuite name="tasks.Request5ConcurrentKtTest" tests="1" skipped="0" failures="0" errors="0" timestamp="2024-05-09T22:08:52" hostname="ubuntu" time="0.036">
  <properties/>
  <testcase name="testConcurrent" classname="tasks.Request5ConcurrentKtTest" time="0.036"/>
  <system-out><![CDATA[587 [Test worker @coroutine#2] INFO  Contributors - org: loaded 3 repos
607 [Test worker @coroutine#3] INFO  Contributors - starting loading for repo-1
608 [Test worker @coroutine#4] INFO  Contributors - starting loading for repo-2
609 [Test worker @coroutine#5] INFO  Contributors - starting loading for repo-3
611 [Test worker @coroutine#5] INFO  Contributors - repo-3: loaded 2 contributors
612 [Test worker @coroutine#3] INFO  Contributors - repo-1: loaded 2 contributors
614 [Test worker @coroutine#4] INFO  Contributors - repo-2: loaded 2 contributors
]]></system-out>
  <system-err><![CDATA[]]></system-err>
</testsuite>
